<?xml version="1.0" encoding="UTF-8"?>
<!-- Generated by org.testng.reporters.JUnitReportReporter -->
<testsuite hostname="Rahul" failures="0" tests="4" name="utils.BaseTest" time="6.837" errors="0" timestamp="2024-08-05T20:21:14 IST" skipped="3">
  <testcase classname="utils.BaseTest" name="setup" time="6.837"/>
  <testcase classname="utils.BaseTest" name="testEdge">
    <skipped/>
  </testcase> <!-- testEdge -->
  <testcase classname="utils.BaseTest" name="testChrome">
    <skipped/>
  </testcase> <!-- testChrome -->
  <testcase classname="utils.BaseTest" name="testFirefox">
    <skipped/>
  </testcase> <!-- testFirefox -->
</testsuite> <!-- utils.BaseTest -->
